<?xml version="1.0" encoding="UTF-8"?>
<!-- Generated by org.testng.reporters.JUnitReportReporter -->
<testsuite skipped="0" hostname="mindfire-PCn" name="Request" tests="4" failures="0" timestamp="2020-07-23T18:51:19 IST" time="6.189" errors="0">
  <testcase name="post" time="3.519" classname="Request"/>
  <system-out/>
  <testcase name="get" time="0.618" classname="Request"/>
  <system-out/>
  <testcase name="put" time="1.138" classname="Request"/>
  <system-out/>
  <testcase name="delete" time="0.914" classname="Request"/>
  <system-out/>
</testsuite> <!-- Request -->
