<?xml version="1.0" encoding="UTF-8"?>
<!-- Generated by org.testng.reporters.JUnitReportReporter -->
<testsuite skipped="0" hostname="mindfire-PCn" name="secondAssignment.Request" tests="4" failures="0" timestamp="2020-07-23T19:27:36 IST" time="6.334" errors="0">
  <testcase name="post" time="3.896" classname="secondAssignment.Request"/>
  <system-out/>
  <testcase name="get" time="0.576" classname="secondAssignment.Request"/>
  <system-out/>
  <testcase name="put" time="0.912" classname="secondAssignment.Request"/>
  <system-out/>
  <testcase name="delete" time="0.950" classname="secondAssignment.Request"/>
  <system-out/>
</testsuite> <!-- secondAssignment.Request -->
