<?xml version="1.0" encoding="UTF-8"?>
<!-- Generated by org.testng.reporters.JUnitReportReporter -->
<testsuite skipped="0" hostname="mindfire-PCn" name="Test01_GET" tests="4" failures="0" timestamp="2020-07-23T18:47:48 IST" time="6.072" errors="0">
  <testcase name="post" time="3.048" classname="Test01_GET"/>
  <system-out/>
  <testcase name="get" time="0.802" classname="Test01_GET"/>
  <system-out/>
  <testcase name="put" time="1.255" classname="Test01_GET"/>
  <system-out/>
  <testcase name="delete" time="0.967" classname="Test01_GET"/>
  <system-out/>
</testsuite> <!-- Test01_GET -->
